r:\rockstar games\multiplayer dev\mygame\mygame\x64\release\vc141.pdb
r:\rockstar games\multiplayer dev\mygame\mygame\x64\release\imgui_widgets.obj
r:\rockstar games\multiplayer dev\mygame\mygame\x64\release\imgui_impl_win32.obj
r:\rockstar games\multiplayer dev\mygame\mygame\x64\release\imgui_impl_dx11.obj
r:\rockstar games\multiplayer dev\mygame\mygame\x64\release\imgui_draw.obj
r:\rockstar games\multiplayer dev\mygame\mygame\x64\release\imgui_demo.obj
r:\rockstar games\multiplayer dev\mygame\mygame\x64\release\imgui.obj
r:\rockstar games\multiplayer dev\mygame\mygame\x64\release\generic.obj
r:\rockstar games\multiplayer dev\mygame\mygame\x64\release\filewrapper.obj
r:\rockstar games\multiplayer dev\mygame\mygame\x64\release\rpcs.obj
r:\rockstar games\multiplayer dev\mygame\mygame\x64\release\netgame.obj
r:\rockstar games\multiplayer dev\mygame\mygame\x64\release\main.obj
r:\rockstar games\multiplayer dev\mygame\mygame\x64\release\items.obj
r:\rockstar games\multiplayer dev\mygame\mygame\x64\release\game.obj
r:\rockstar games\multiplayer dev\mygame\mygame\x64\release\entity.obj
r:\rockstar games\multiplayer dev\mygame\mygame\x64\release\directx.obj
r:\rockstar games\multiplayer dev\mygame\mygame\x64\release\timeline.obj
r:\rockstar games\multiplayer dev\mygame\mygame\x64\release\mygame.tlog\cl.command.1.tlog
r:\rockstar games\multiplayer dev\mygame\mygame\x64\release\mygame.tlog\cl.read.1.tlog
r:\rockstar games\multiplayer dev\mygame\mygame\x64\release\mygame.tlog\cl.write.1.tlog
